Namespace(aim_repo=None, aim_run_hash=None, align_suffix=None, alignfile=None, all_gather_list_size=16384, amp=False, amp_batch_retries=2, amp_init_scale=128, amp_scale_window=None, azureml_logging=False, bf16=False, bpe=None, cpu=False, criterion='cross_entropy', dataset_impl='mmap', destdir='../experiments/data/bin/', dict_only=False, empty_cache_freq=0, fp16=False, fp16_init_scale=128, fp16_no_flatten_grads=False, fp16_scale_tolerance=0.0, fp16_scale_window=None, joined_dictionary=False, log_file=None, log_format=None, log_interval=100, lr_scheduler='fixed', memory_efficient_bf16=False, memory_efficient_fp16=False, min_loss_scale=0.0001, model_parallel_size=1, no_progress_bar=False, nwordssrc=-1, nwordstgt=-1, on_cpu_convert_precision=False, only_source=False, optimizer=None, padding_factor=8, plasma_path='/tmp/plasma', profile=False, quantization_config_path=None, reset_logging=False, scoring='bleu', seed=1, source_lang='source', srcdict='encoding/dict.txt', suppress_crashes=False, target_lang='target', task='translation', tensorboard_logdir=None, testpref=None, tgtdict='encoding/dict.txt', threshold_loss_scale=None, thresholdsrc=0, thresholdtgt=0, tokenizer=None, tpu=False, trainpref='../experiments/data/train.bpe', use_plasma_view=False, user_dir=None, validpref='../experiments/data/dev.bpe', wandb_project=None, workers=60)
[source] Dictionary: 50264 types
[source] ../experiments/data/train.bpe.source: 3 sents, 138 tokens, 0.0% replaced (by <unk>)
[source] Dictionary: 50264 types
[source] ../experiments/data/dev.bpe.source: 3 sents, 138 tokens, 0.0% replaced (by <unk>)
[target] Dictionary: 50264 types
[target] ../experiments/data/train.bpe.target: 3 sents, 18 tokens, 0.0% replaced (by <unk>)
[target] Dictionary: 50264 types
[target] ../experiments/data/dev.bpe.target: 3 sents, 18 tokens, 0.0% replaced (by <unk>)
Wrote preprocessed data to ../experiments/data/bin/
Namespace(aim_repo=None, aim_run_hash=None, align_suffix=None, alignfile=None, all_gather_list_size=16384, amp=False, amp_batch_retries=2, amp_init_scale=128, amp_scale_window=None, azureml_logging=False, bf16=False, bpe=None, cpu=False, criterion='cross_entropy', dataset_impl='mmap', destdir='../experiments/data/bin/', dict_only=False, empty_cache_freq=0, fp16=False, fp16_init_scale=128, fp16_no_flatten_grads=False, fp16_scale_tolerance=0.0, fp16_scale_window=None, joined_dictionary=False, log_file=None, log_format=None, log_interval=100, lr_scheduler='fixed', memory_efficient_bf16=False, memory_efficient_fp16=False, min_loss_scale=0.0001, model_parallel_size=1, no_progress_bar=False, nwordssrc=-1, nwordstgt=-1, on_cpu_convert_precision=False, only_source=False, optimizer=None, padding_factor=8, plasma_path='/tmp/plasma', profile=False, quantization_config_path=None, reset_logging=False, scoring='bleu', seed=1, source_lang='source', srcdict='encoding/dict.txt', suppress_crashes=False, target_lang='target', task='translation', tensorboard_logdir=None, testpref=None, tgtdict='encoding/dict.txt', threshold_loss_scale=None, thresholdsrc=0, thresholdtgt=0, tokenizer=None, tpu=False, trainpref='../experiments/data/train.bpe', use_plasma_view=False, user_dir=None, validpref='../experiments/data/dev.bpe', wandb_project=None, workers=60)
[source] Dictionary: 50264 types
[source] ../experiments/data/train.bpe.source: 3 sents, 138 tokens, 0.0% replaced (by <unk>)
[source] Dictionary: 50264 types
[source] ../experiments/data/dev.bpe.source: 3 sents, 138 tokens, 0.0% replaced (by <unk>)
[target] Dictionary: 50264 types
[target] ../experiments/data/train.bpe.target: 3 sents, 18 tokens, 0.0% replaced (by <unk>)
[target] Dictionary: 50264 types
[target] ../experiments/data/dev.bpe.target: 3 sents, 18 tokens, 0.0% replaced (by <unk>)
Wrote preprocessed data to ../experiments/data/bin/
Namespace(aim_repo=None, aim_run_hash=None, align_suffix=None, alignfile=None, all_gather_list_size=16384, amp=False, amp_batch_retries=2, amp_init_scale=128, amp_scale_window=None, azureml_logging=False, bf16=False, bpe=None, cpu=False, criterion='cross_entropy', dataset_impl='mmap', destdir='../experiments/data/bin/', dict_only=False, empty_cache_freq=0, fp16=False, fp16_init_scale=128, fp16_no_flatten_grads=False, fp16_scale_tolerance=0.0, fp16_scale_window=None, joined_dictionary=False, log_file=None, log_format=None, log_interval=100, lr_scheduler='fixed', memory_efficient_bf16=False, memory_efficient_fp16=False, min_loss_scale=0.0001, model_parallel_size=1, no_progress_bar=False, nwordssrc=-1, nwordstgt=-1, on_cpu_convert_precision=False, only_source=False, optimizer=None, padding_factor=8, plasma_path='/tmp/plasma', profile=False, quantization_config_path=None, reset_logging=False, scoring='bleu', seed=1, source_lang='source', srcdict='encoding/dict.txt', suppress_crashes=False, target_lang='target', task='translation', tensorboard_logdir=None, testpref=None, tgtdict='encoding/dict.txt', threshold_loss_scale=None, thresholdsrc=0, thresholdtgt=0, tokenizer=None, tpu=False, trainpref='../experiments/data/train.bpe', use_plasma_view=False, user_dir=None, validpref='../experiments/data/dev.bpe', wandb_project=None, workers=60)
[source] Dictionary: 50264 types
[source] ../experiments/data/train.bpe.source: 3 sents, 138 tokens, 0.0% replaced (by <unk>)
[source] Dictionary: 50264 types
[source] ../experiments/data/dev.bpe.source: 3 sents, 138 tokens, 0.0% replaced (by <unk>)
[target] Dictionary: 50264 types
[target] ../experiments/data/train.bpe.target: 3 sents, 18 tokens, 0.0% replaced (by <unk>)
[target] Dictionary: 50264 types
[target] ../experiments/data/dev.bpe.target: 3 sents, 18 tokens, 0.0% replaced (by <unk>)
Wrote preprocessed data to ../experiments/data/bin/
Namespace(aim_repo=None, aim_run_hash=None, align_suffix=None, alignfile=None, all_gather_list_size=16384, amp=False, amp_batch_retries=2, amp_init_scale=128, amp_scale_window=None, azureml_logging=False, bf16=False, bpe=None, cpu=False, criterion='cross_entropy', dataset_impl='mmap', destdir='../experiments/data/bin/', dict_only=False, empty_cache_freq=0, fp16=False, fp16_init_scale=128, fp16_no_flatten_grads=False, fp16_scale_tolerance=0.0, fp16_scale_window=None, joined_dictionary=False, log_file=None, log_format=None, log_interval=100, lr_scheduler='fixed', memory_efficient_bf16=False, memory_efficient_fp16=False, min_loss_scale=0.0001, model_parallel_size=1, no_progress_bar=False, nwordssrc=-1, nwordstgt=-1, on_cpu_convert_precision=False, only_source=False, optimizer=None, padding_factor=8, plasma_path='/tmp/plasma', profile=False, quantization_config_path=None, reset_logging=False, scoring='bleu', seed=1, source_lang='source', srcdict='encoding/dict.txt', suppress_crashes=False, target_lang='target', task='translation', tensorboard_logdir=None, testpref=None, tgtdict='encoding/dict.txt', threshold_loss_scale=None, thresholdsrc=0, thresholdtgt=0, tokenizer=None, tpu=False, trainpref='../experiments/data/train.bpe', use_plasma_view=False, user_dir=None, validpref='../experiments/data/dev.bpe', wandb_project=None, workers=60)
[source] Dictionary: 50264 types
[source] ../experiments/data/train.bpe.source: 3 sents, 138 tokens, 0.0% replaced (by <unk>)
[source] Dictionary: 50264 types
[source] ../experiments/data/dev.bpe.source: 3 sents, 138 tokens, 0.0% replaced (by <unk>)
[target] Dictionary: 50264 types
[target] ../experiments/data/train.bpe.target: 3 sents, 18 tokens, 0.0% replaced (by <unk>)
[target] Dictionary: 50264 types
[target] ../experiments/data/dev.bpe.target: 3 sents, 18 tokens, 0.0% replaced (by <unk>)
Wrote preprocessed data to ../experiments/data/bin/
Namespace(aim_repo=None, aim_run_hash=None, align_suffix=None, alignfile=None, all_gather_list_size=16384, amp=False, amp_batch_retries=2, amp_init_scale=128, amp_scale_window=None, azureml_logging=False, bf16=False, bpe=None, cpu=False, criterion='cross_entropy', dataset_impl='mmap', destdir='../experiments/data/bin/', dict_only=False, empty_cache_freq=0, fp16=False, fp16_init_scale=128, fp16_no_flatten_grads=False, fp16_scale_tolerance=0.0, fp16_scale_window=None, joined_dictionary=False, log_file=None, log_format=None, log_interval=100, lr_scheduler='fixed', memory_efficient_bf16=False, memory_efficient_fp16=False, min_loss_scale=0.0001, model_parallel_size=1, no_progress_bar=False, nwordssrc=-1, nwordstgt=-1, on_cpu_convert_precision=False, only_source=False, optimizer=None, padding_factor=8, plasma_path='/tmp/plasma', profile=False, quantization_config_path=None, reset_logging=False, scoring='bleu', seed=1, source_lang='source', srcdict='encoding/dict.txt', suppress_crashes=False, target_lang='target', task='translation', tensorboard_logdir=None, testpref=None, tgtdict='encoding/dict.txt', threshold_loss_scale=None, thresholdsrc=0, thresholdtgt=0, tokenizer=None, tpu=False, trainpref='../experiments/data/train.bpe', use_plasma_view=False, user_dir=None, validpref='../experiments/data/dev.bpe', wandb_project=None, workers=60)
[source] Dictionary: 50264 types
[source] ../experiments/data/train.bpe.source: 3 sents, 138 tokens, 0.0% replaced (by <unk>)
[source] Dictionary: 50264 types
[source] ../experiments/data/dev.bpe.source: 3 sents, 138 tokens, 0.0% replaced (by <unk>)
[target] Dictionary: 50264 types
[target] ../experiments/data/train.bpe.target: 3 sents, 18 tokens, 0.0% replaced (by <unk>)
[target] Dictionary: 50264 types
[target] ../experiments/data/dev.bpe.target: 3 sents, 18 tokens, 0.0% replaced (by <unk>)
Wrote preprocessed data to ../experiments/data/bin/
Namespace(aim_repo=None, aim_run_hash=None, align_suffix=None, alignfile=None, all_gather_list_size=16384, amp=False, amp_batch_retries=2, amp_init_scale=128, amp_scale_window=None, azureml_logging=False, bf16=False, bpe=None, cpu=False, criterion='cross_entropy', dataset_impl='mmap', destdir='../experiments/data/bin/', dict_only=False, empty_cache_freq=0, fp16=False, fp16_init_scale=128, fp16_no_flatten_grads=False, fp16_scale_tolerance=0.0, fp16_scale_window=None, joined_dictionary=False, log_file=None, log_format=None, log_interval=100, lr_scheduler='fixed', memory_efficient_bf16=False, memory_efficient_fp16=False, min_loss_scale=0.0001, model_parallel_size=1, no_progress_bar=False, nwordssrc=-1, nwordstgt=-1, on_cpu_convert_precision=False, only_source=False, optimizer=None, padding_factor=8, plasma_path='/tmp/plasma', profile=False, quantization_config_path=None, reset_logging=False, scoring='bleu', seed=1, source_lang='source', srcdict='encoding/dict.txt', suppress_crashes=False, target_lang='target', task='translation', tensorboard_logdir=None, testpref=None, tgtdict='encoding/dict.txt', threshold_loss_scale=None, thresholdsrc=0, thresholdtgt=0, tokenizer=None, tpu=False, trainpref='../experiments/data/train.bpe', use_plasma_view=False, user_dir=None, validpref='../experiments/data/dev.bpe', wandb_project=None, workers=60)
[source] Dictionary: 50264 types
[source] ../experiments/data/train.bpe.source: 3 sents, 138 tokens, 0.0% replaced (by <unk>)
[source] Dictionary: 50264 types
[source] ../experiments/data/dev.bpe.source: 3 sents, 138 tokens, 0.0% replaced (by <unk>)
[target] Dictionary: 50264 types
[target] ../experiments/data/train.bpe.target: 3 sents, 18 tokens, 0.0% replaced (by <unk>)
[target] Dictionary: 50264 types
[target] ../experiments/data/dev.bpe.target: 3 sents, 18 tokens, 0.0% replaced (by <unk>)
Wrote preprocessed data to ../experiments/data/bin/
Namespace(aim_repo=None, aim_run_hash=None, align_suffix=None, alignfile=None, all_gather_list_size=16384, amp=False, amp_batch_retries=2, amp_init_scale=128, amp_scale_window=None, azureml_logging=False, bf16=False, bpe=None, cpu=False, criterion='cross_entropy', dataset_impl='mmap', destdir='../experiments/data/bin/', dict_only=False, empty_cache_freq=0, fp16=False, fp16_init_scale=128, fp16_no_flatten_grads=False, fp16_scale_tolerance=0.0, fp16_scale_window=None, joined_dictionary=False, log_file=None, log_format=None, log_interval=100, lr_scheduler='fixed', memory_efficient_bf16=False, memory_efficient_fp16=False, min_loss_scale=0.0001, model_parallel_size=1, no_progress_bar=False, nwordssrc=-1, nwordstgt=-1, on_cpu_convert_precision=False, only_source=False, optimizer=None, padding_factor=8, plasma_path='/tmp/plasma', profile=False, quantization_config_path=None, reset_logging=False, scoring='bleu', seed=1, source_lang='source', srcdict='encoding/dict.txt', suppress_crashes=False, target_lang='target', task='translation', tensorboard_logdir=None, testpref=None, tgtdict='encoding/dict.txt', threshold_loss_scale=None, thresholdsrc=0, thresholdtgt=0, tokenizer=None, tpu=False, trainpref='../experiments/data/train.bpe', use_plasma_view=False, user_dir=None, validpref='../experiments/data/dev.bpe', wandb_project=None, workers=60)
[source] Dictionary: 50264 types
[source] ../experiments/data/train.bpe.source: 3 sents, 138 tokens, 0.0% replaced (by <unk>)
[source] Dictionary: 50264 types
[source] ../experiments/data/dev.bpe.source: 3 sents, 138 tokens, 0.0% replaced (by <unk>)
[target] Dictionary: 50264 types
[target] ../experiments/data/train.bpe.target: 3 sents, 18 tokens, 0.0% replaced (by <unk>)
[target] Dictionary: 50264 types
[target] ../experiments/data/dev.bpe.target: 3 sents, 18 tokens, 0.0% replaced (by <unk>)
Wrote preprocessed data to ../experiments/data/bin/
Namespace(aim_repo=None, aim_run_hash=None, align_suffix=None, alignfile=None, all_gather_list_size=16384, amp=False, amp_batch_retries=2, amp_init_scale=128, amp_scale_window=None, azureml_logging=False, bf16=False, bpe=None, cpu=False, criterion='cross_entropy', dataset_impl='mmap', destdir='../experiments/data/bin/', dict_only=False, empty_cache_freq=0, fp16=False, fp16_init_scale=128, fp16_no_flatten_grads=False, fp16_scale_tolerance=0.0, fp16_scale_window=None, joined_dictionary=False, log_file=None, log_format=None, log_interval=100, lr_scheduler='fixed', memory_efficient_bf16=False, memory_efficient_fp16=False, min_loss_scale=0.0001, model_parallel_size=1, no_progress_bar=False, nwordssrc=-1, nwordstgt=-1, on_cpu_convert_precision=False, only_source=False, optimizer=None, padding_factor=8, plasma_path='/tmp/plasma', profile=False, quantization_config_path=None, reset_logging=False, scoring='bleu', seed=1, source_lang='source', srcdict='encoding/dict.txt', suppress_crashes=False, target_lang='target', task='translation', tensorboard_logdir=None, testpref=None, tgtdict='encoding/dict.txt', threshold_loss_scale=None, thresholdsrc=0, thresholdtgt=0, tokenizer=None, tpu=False, trainpref='../experiments/data/train.bpe', use_plasma_view=False, user_dir=None, validpref='../experiments/data/dev.bpe', wandb_project=None, workers=60)
[source] Dictionary: 50264 types
[source] ../experiments/data/train.bpe.source: 3 sents, 138 tokens, 0.0% replaced (by <unk>)
[source] Dictionary: 50264 types
[source] ../experiments/data/dev.bpe.source: 3 sents, 138 tokens, 0.0% replaced (by <unk>)
[target] Dictionary: 50264 types
[target] ../experiments/data/train.bpe.target: 3 sents, 18 tokens, 0.0% replaced (by <unk>)
[target] Dictionary: 50264 types
[target] ../experiments/data/dev.bpe.target: 3 sents, 18 tokens, 0.0% replaced (by <unk>)
Wrote preprocessed data to ../experiments/data/bin/
Namespace(aim_repo=None, aim_run_hash=None, align_suffix=None, alignfile=None, all_gather_list_size=16384, amp=False, amp_batch_retries=2, amp_init_scale=128, amp_scale_window=None, azureml_logging=False, bf16=False, bpe=None, cpu=False, criterion='cross_entropy', dataset_impl='mmap', destdir='../experiments/data/bin/', dict_only=False, empty_cache_freq=0, fp16=False, fp16_init_scale=128, fp16_no_flatten_grads=False, fp16_scale_tolerance=0.0, fp16_scale_window=None, joined_dictionary=False, log_file=None, log_format=None, log_interval=100, lr_scheduler='fixed', memory_efficient_bf16=False, memory_efficient_fp16=False, min_loss_scale=0.0001, model_parallel_size=1, no_progress_bar=False, nwordssrc=-1, nwordstgt=-1, on_cpu_convert_precision=False, only_source=False, optimizer=None, padding_factor=8, plasma_path='/tmp/plasma', profile=False, quantization_config_path=None, reset_logging=False, scoring='bleu', seed=1, source_lang='source', srcdict='encoding/dict.txt', suppress_crashes=False, target_lang='target', task='translation', tensorboard_logdir=None, testpref=None, tgtdict='encoding/dict.txt', threshold_loss_scale=None, thresholdsrc=0, thresholdtgt=0, tokenizer=None, tpu=False, trainpref='../experiments/data/train.bpe', use_plasma_view=False, user_dir=None, validpref='../experiments/data/dev.bpe', wandb_project=None, workers=60)
[source] Dictionary: 50264 types
[source] ../experiments/data/train.bpe.source: 12460 sents, 2511897 tokens, 0.0% replaced (by <unk>)
[source] Dictionary: 50264 types
[source] ../experiments/data/dev.bpe.source: 500 sents, 99494 tokens, 0.0% replaced (by <unk>)
[target] Dictionary: 50264 types
[target] ../experiments/data/train.bpe.target: 12460 sents, 378308 tokens, 0.0% replaced (by <unk>)
[target] Dictionary: 50264 types
[target] ../experiments/data/dev.bpe.target: 500 sents, 14105 tokens, 0.0% replaced (by <unk>)
Wrote preprocessed data to ../experiments/data/bin/
Namespace(aim_repo=None, aim_run_hash=None, align_suffix=None, alignfile=None, all_gather_list_size=16384, amp=False, amp_batch_retries=2, amp_init_scale=128, amp_scale_window=None, azureml_logging=False, bf16=False, bpe=None, cpu=False, criterion='cross_entropy', dataset_impl='mmap', destdir='../experiments/data/bin/', dict_only=False, empty_cache_freq=0, fp16=False, fp16_init_scale=128, fp16_no_flatten_grads=False, fp16_scale_tolerance=0.0, fp16_scale_window=None, joined_dictionary=False, log_file=None, log_format=None, log_interval=100, lr_scheduler='fixed', memory_efficient_bf16=False, memory_efficient_fp16=False, min_loss_scale=0.0001, model_parallel_size=1, no_progress_bar=False, nwordssrc=-1, nwordstgt=-1, on_cpu_convert_precision=False, only_source=False, optimizer=None, padding_factor=8, plasma_path='/tmp/plasma', profile=False, quantization_config_path=None, reset_logging=False, scoring='bleu', seed=1, source_lang='source', srcdict='encoding/dict.txt', suppress_crashes=False, target_lang='target', task='translation', tensorboard_logdir=None, testpref=None, tgtdict='encoding/dict.txt', threshold_loss_scale=None, thresholdsrc=0, thresholdtgt=0, tokenizer=None, tpu=False, trainpref='../experiments/data/train.bpe', use_plasma_view=False, user_dir=None, validpref='../experiments/data/dev.bpe', wandb_project=None, workers=60)
[source] Dictionary: 50264 types
[source] ../experiments/data/train.bpe.source: 12460 sents, 2511897 tokens, 0.0% replaced (by <unk>)
[source] Dictionary: 50264 types
[source] ../experiments/data/dev.bpe.source: 500 sents, 99494 tokens, 0.0% replaced (by <unk>)
[target] Dictionary: 50264 types
[target] ../experiments/data/train.bpe.target: 12460 sents, 378308 tokens, 0.0% replaced (by <unk>)
[target] Dictionary: 50264 types
[target] ../experiments/data/dev.bpe.target: 500 sents, 14105 tokens, 0.0% replaced (by <unk>)
Wrote preprocessed data to ../experiments/data/bin/
Namespace(aim_repo=None, aim_run_hash=None, align_suffix=None, alignfile=None, all_gather_list_size=16384, amp=False, amp_batch_retries=2, amp_init_scale=128, amp_scale_window=None, azureml_logging=False, bf16=False, bpe=None, cpu=False, criterion='cross_entropy', dataset_impl='mmap', destdir='../experiments/data/bin/', dict_only=False, empty_cache_freq=0, fp16=False, fp16_init_scale=128, fp16_no_flatten_grads=False, fp16_scale_tolerance=0.0, fp16_scale_window=None, joined_dictionary=False, log_file=None, log_format=None, log_interval=100, lr_scheduler='fixed', memory_efficient_bf16=False, memory_efficient_fp16=False, min_loss_scale=0.0001, model_parallel_size=1, no_progress_bar=False, nwordssrc=-1, nwordstgt=-1, on_cpu_convert_precision=False, only_source=False, optimizer=None, padding_factor=8, plasma_path='/tmp/plasma', profile=False, quantization_config_path=None, reset_logging=False, scoring='bleu', seed=1, source_lang='source', srcdict='encoding/dict.txt', suppress_crashes=False, target_lang='target', task='translation', tensorboard_logdir=None, testpref=None, tgtdict='encoding/dict.txt', threshold_loss_scale=None, thresholdsrc=0, thresholdtgt=0, tokenizer=None, tpu=False, trainpref='../experiments/data/train.bpe', use_plasma_view=False, user_dir=None, validpref='../experiments/data/dev.bpe', wandb_project=None, workers=60)
[source] Dictionary: 50264 types
[source] ../experiments/data/train.bpe.source: 12460 sents, 2511897 tokens, 0.0% replaced (by <unk>)
[source] Dictionary: 50264 types
[source] ../experiments/data/dev.bpe.source: 500 sents, 99494 tokens, 0.0% replaced (by <unk>)
[target] Dictionary: 50264 types
[target] ../experiments/data/train.bpe.target: 12460 sents, 378308 tokens, 0.0% replaced (by <unk>)
[target] Dictionary: 50264 types
[target] ../experiments/data/dev.bpe.target: 500 sents, 14105 tokens, 0.0% replaced (by <unk>)
Wrote preprocessed data to ../experiments/data/bin/
Namespace(aim_repo=None, aim_run_hash=None, align_suffix=None, alignfile=None, all_gather_list_size=16384, amp=False, amp_batch_retries=2, amp_init_scale=128, amp_scale_window=None, azureml_logging=False, bf16=False, bpe=None, cpu=False, criterion='cross_entropy', dataset_impl='mmap', destdir='../experiments/data/bin/', dict_only=False, empty_cache_freq=0, fp16=False, fp16_init_scale=128, fp16_no_flatten_grads=False, fp16_scale_tolerance=0.0, fp16_scale_window=None, joined_dictionary=False, log_file=None, log_format=None, log_interval=100, lr_scheduler='fixed', memory_efficient_bf16=False, memory_efficient_fp16=False, min_loss_scale=0.0001, model_parallel_size=1, no_progress_bar=False, nwordssrc=-1, nwordstgt=-1, on_cpu_convert_precision=False, only_source=False, optimizer=None, padding_factor=8, plasma_path='/tmp/plasma', profile=False, quantization_config_path=None, reset_logging=False, scoring='bleu', seed=1, source_lang='source', srcdict='encoding/dict.txt', suppress_crashes=False, target_lang='target', task='translation', tensorboard_logdir=None, testpref=None, tgtdict='encoding/dict.txt', threshold_loss_scale=None, thresholdsrc=0, thresholdtgt=0, tokenizer=None, tpu=False, trainpref='../experiments/data/train.bpe', use_plasma_view=False, user_dir=None, validpref='../experiments/data/dev.bpe', wandb_project=None, workers=60)
[source] Dictionary: 50264 types
[source] ../experiments/data/train.bpe.source: 12460 sents, 2511897 tokens, 0.0% replaced (by <unk>)
[source] Dictionary: 50264 types
[source] ../experiments/data/dev.bpe.source: 500 sents, 99494 tokens, 0.0% replaced (by <unk>)
[target] Dictionary: 50264 types
[target] ../experiments/data/train.bpe.target: 12460 sents, 378308 tokens, 0.0% replaced (by <unk>)
[target] Dictionary: 50264 types
[target] ../experiments/data/dev.bpe.target: 500 sents, 14105 tokens, 0.0% replaced (by <unk>)
Wrote preprocessed data to ../experiments/data/bin/
Namespace(aim_repo=None, aim_run_hash=None, align_suffix=None, alignfile=None, all_gather_list_size=16384, amp=False, amp_batch_retries=2, amp_init_scale=128, amp_scale_window=None, azureml_logging=False, bf16=False, bpe=None, cpu=False, criterion='cross_entropy', dataset_impl='mmap', destdir='../experiments/data/bin/', dict_only=False, empty_cache_freq=0, fp16=False, fp16_init_scale=128, fp16_no_flatten_grads=False, fp16_scale_tolerance=0.0, fp16_scale_window=None, joined_dictionary=False, log_file=None, log_format=None, log_interval=100, lr_scheduler='fixed', memory_efficient_bf16=False, memory_efficient_fp16=False, min_loss_scale=0.0001, model_parallel_size=1, no_progress_bar=False, nwordssrc=-1, nwordstgt=-1, on_cpu_convert_precision=False, only_source=False, optimizer=None, padding_factor=8, plasma_path='/tmp/plasma', profile=False, quantization_config_path=None, reset_logging=False, scoring='bleu', seed=1, source_lang='source', srcdict='encoding/dict.txt', suppress_crashes=False, target_lang='target', task='translation', tensorboard_logdir=None, testpref=None, tgtdict='encoding/dict.txt', threshold_loss_scale=None, thresholdsrc=0, thresholdtgt=0, tokenizer=None, tpu=False, trainpref='../experiments/data/train.bpe', use_plasma_view=False, user_dir=None, validpref='../experiments/data/dev.bpe', wandb_project=None, workers=60)
[source] Dictionary: 50264 types
[source] ../experiments/data/train.bpe.source: 12460 sents, 2511897 tokens, 0.0% replaced (by <unk>)
[source] Dictionary: 50264 types
[source] ../experiments/data/dev.bpe.source: 500 sents, 99494 tokens, 0.0% replaced (by <unk>)
[target] Dictionary: 50264 types
[target] ../experiments/data/train.bpe.target: 12460 sents, 378308 tokens, 0.0% replaced (by <unk>)
[target] Dictionary: 50264 types
[target] ../experiments/data/dev.bpe.target: 500 sents, 14105 tokens, 0.0% replaced (by <unk>)
Wrote preprocessed data to ../experiments/data/bin/
Namespace(aim_repo=None, aim_run_hash=None, align_suffix=None, alignfile=None, all_gather_list_size=16384, amp=False, amp_batch_retries=2, amp_init_scale=128, amp_scale_window=None, azureml_logging=False, bf16=False, bpe=None, cpu=False, criterion='cross_entropy', dataset_impl='mmap', destdir='../experiments/data/bin/', dict_only=False, empty_cache_freq=0, fp16=False, fp16_init_scale=128, fp16_no_flatten_grads=False, fp16_scale_tolerance=0.0, fp16_scale_window=None, joined_dictionary=False, log_file=None, log_format=None, log_interval=100, lr_scheduler='fixed', memory_efficient_bf16=False, memory_efficient_fp16=False, min_loss_scale=0.0001, model_parallel_size=1, no_progress_bar=False, nwordssrc=-1, nwordstgt=-1, on_cpu_convert_precision=False, only_source=False, optimizer=None, padding_factor=8, plasma_path='/tmp/plasma', profile=False, quantization_config_path=None, reset_logging=False, scoring='bleu', seed=1, source_lang='source', srcdict='encoding/dict.txt', suppress_crashes=False, target_lang='target', task='translation', tensorboard_logdir=None, testpref=None, tgtdict='encoding/dict.txt', threshold_loss_scale=None, thresholdsrc=0, thresholdtgt=0, tokenizer=None, tpu=False, trainpref='../experiments/data/train.bpe', use_plasma_view=False, user_dir=None, validpref='../experiments/data/dev.bpe', wandb_project=None, workers=60)
[source] Dictionary: 50264 types
[source] ../experiments/data/train.bpe.source: 12460 sents, 2511897 tokens, 0.0% replaced (by <unk>)
[source] Dictionary: 50264 types
[source] ../experiments/data/dev.bpe.source: 500 sents, 99494 tokens, 0.0% replaced (by <unk>)
[target] Dictionary: 50264 types
[target] ../experiments/data/train.bpe.target: 12460 sents, 378308 tokens, 0.0% replaced (by <unk>)
[target] Dictionary: 50264 types
[target] ../experiments/data/dev.bpe.target: 500 sents, 14105 tokens, 0.0% replaced (by <unk>)
Wrote preprocessed data to ../experiments/data/bin/
Namespace(aim_repo=None, aim_run_hash=None, align_suffix=None, alignfile=None, all_gather_list_size=16384, amp=False, amp_batch_retries=2, amp_init_scale=128, amp_scale_window=None, azureml_logging=False, bf16=False, bpe=None, cpu=False, criterion='cross_entropy', dataset_impl='mmap', destdir='../experiments/data/bin/', dict_only=False, empty_cache_freq=0, fp16=False, fp16_init_scale=128, fp16_no_flatten_grads=False, fp16_scale_tolerance=0.0, fp16_scale_window=None, joined_dictionary=False, log_file=None, log_format=None, log_interval=100, lr_scheduler='fixed', memory_efficient_bf16=False, memory_efficient_fp16=False, min_loss_scale=0.0001, model_parallel_size=1, no_progress_bar=False, nwordssrc=-1, nwordstgt=-1, on_cpu_convert_precision=False, only_source=False, optimizer=None, padding_factor=8, plasma_path='/tmp/plasma', profile=False, quantization_config_path=None, reset_logging=False, scoring='bleu', seed=1, source_lang='source', srcdict='encoding/dict.txt', suppress_crashes=False, target_lang='target', task='translation', tensorboard_logdir=None, testpref=None, tgtdict='encoding/dict.txt', threshold_loss_scale=None, thresholdsrc=0, thresholdtgt=0, tokenizer=None, tpu=False, trainpref='../experiments/data/train.bpe', use_plasma_view=False, user_dir=None, validpref='../experiments/data/dev.bpe', wandb_project=None, workers=60)
[source] Dictionary: 50264 types
[source] ../experiments/data/train.bpe.source: 12460 sents, 2511897 tokens, 0.0% replaced (by <unk>)
[source] Dictionary: 50264 types
[source] ../experiments/data/dev.bpe.source: 500 sents, 99494 tokens, 0.0% replaced (by <unk>)
[target] Dictionary: 50264 types
[target] ../experiments/data/train.bpe.target: 12460 sents, 378308 tokens, 0.0% replaced (by <unk>)
[target] Dictionary: 50264 types
[target] ../experiments/data/dev.bpe.target: 500 sents, 14105 tokens, 0.0% replaced (by <unk>)
Wrote preprocessed data to ../experiments/data/bin/
Namespace(aim_repo=None, aim_run_hash=None, align_suffix=None, alignfile=None, all_gather_list_size=16384, amp=False, amp_batch_retries=2, amp_init_scale=128, amp_scale_window=None, azureml_logging=False, bf16=False, bpe=None, cpu=False, criterion='cross_entropy', dataset_impl='mmap', destdir='../experiments/data/bin/', dict_only=False, empty_cache_freq=0, fp16=False, fp16_init_scale=128, fp16_no_flatten_grads=False, fp16_scale_tolerance=0.0, fp16_scale_window=None, joined_dictionary=False, log_file=None, log_format=None, log_interval=100, lr_scheduler='fixed', memory_efficient_bf16=False, memory_efficient_fp16=False, min_loss_scale=0.0001, model_parallel_size=1, no_progress_bar=False, nwordssrc=-1, nwordstgt=-1, on_cpu_convert_precision=False, only_source=False, optimizer=None, padding_factor=8, plasma_path='/tmp/plasma', profile=False, quantization_config_path=None, reset_logging=False, scoring='bleu', seed=1, source_lang='source', srcdict='encoding/dict.txt', suppress_crashes=False, target_lang='target', task='translation', tensorboard_logdir=None, testpref=None, tgtdict='encoding/dict.txt', threshold_loss_scale=None, thresholdsrc=0, thresholdtgt=0, tokenizer=None, tpu=False, trainpref='../experiments/data/train.bpe', use_plasma_view=False, user_dir=None, validpref='../experiments/data/dev.bpe', wandb_project=None, workers=60)
[source] Dictionary: 50264 types
[source] ../experiments/data/train.bpe.source: 2000 sents, 403359 tokens, 0.0% replaced (by <unk>)
[source] Dictionary: 50264 types
[source] ../experiments/data/dev.bpe.source: 100 sents, 19210 tokens, 0.0% replaced (by <unk>)
[target] Dictionary: 50264 types
[target] ../experiments/data/train.bpe.target: 2000 sents, 60525 tokens, 0.0% replaced (by <unk>)
[target] Dictionary: 50264 types
[target] ../experiments/data/dev.bpe.target: 100 sents, 2672 tokens, 0.0% replaced (by <unk>)
Wrote preprocessed data to ../experiments/data/bin/
Namespace(aim_repo=None, aim_run_hash=None, align_suffix=None, alignfile=None, all_gather_list_size=16384, amp=False, amp_batch_retries=2, amp_init_scale=128, amp_scale_window=None, azureml_logging=False, bf16=False, bpe=None, cpu=False, criterion='cross_entropy', dataset_impl='mmap', destdir='../experiments/data/bin/', dict_only=False, empty_cache_freq=0, fp16=False, fp16_init_scale=128, fp16_no_flatten_grads=False, fp16_scale_tolerance=0.0, fp16_scale_window=None, joined_dictionary=False, log_file=None, log_format=None, log_interval=100, lr_scheduler='fixed', memory_efficient_bf16=False, memory_efficient_fp16=False, min_loss_scale=0.0001, model_parallel_size=1, no_progress_bar=False, nwordssrc=-1, nwordstgt=-1, on_cpu_convert_precision=False, only_source=False, optimizer=None, padding_factor=8, plasma_path='/tmp/plasma', profile=False, quantization_config_path=None, reset_logging=False, scoring='bleu', seed=1, source_lang='source', srcdict='encoding/dict.txt', suppress_crashes=False, target_lang='target', task='translation', tensorboard_logdir=None, testpref=None, tgtdict='encoding/dict.txt', threshold_loss_scale=None, thresholdsrc=0, thresholdtgt=0, tokenizer=None, tpu=False, trainpref='../experiments/data/train.bpe', use_plasma_view=False, user_dir=None, validpref='../experiments/data/dev.bpe', wandb_project=None, workers=60)
[source] Dictionary: 50264 types
[source] ../experiments/data/train.bpe.source: 2000 sents, 403359 tokens, 0.0% replaced (by <unk>)
[source] Dictionary: 50264 types
[source] ../experiments/data/dev.bpe.source: 100 sents, 19210 tokens, 0.0% replaced (by <unk>)
[target] Dictionary: 50264 types
[target] ../experiments/data/train.bpe.target: 2000 sents, 60525 tokens, 0.0% replaced (by <unk>)
[target] Dictionary: 50264 types
[target] ../experiments/data/dev.bpe.target: 100 sents, 2672 tokens, 0.0% replaced (by <unk>)
Wrote preprocessed data to ../experiments/data/bin/
Namespace(aim_repo=None, aim_run_hash=None, align_suffix=None, alignfile=None, all_gather_list_size=16384, amp=False, amp_batch_retries=2, amp_init_scale=128, amp_scale_window=None, azureml_logging=False, bf16=False, bpe=None, cpu=False, criterion='cross_entropy', dataset_impl='mmap', destdir='../experiments/data/bin/', dict_only=False, empty_cache_freq=0, fp16=False, fp16_init_scale=128, fp16_no_flatten_grads=False, fp16_scale_tolerance=0.0, fp16_scale_window=None, joined_dictionary=False, log_file=None, log_format=None, log_interval=100, lr_scheduler='fixed', memory_efficient_bf16=False, memory_efficient_fp16=False, min_loss_scale=0.0001, model_parallel_size=1, no_progress_bar=False, nwordssrc=-1, nwordstgt=-1, on_cpu_convert_precision=False, only_source=False, optimizer=None, padding_factor=8, plasma_path='/tmp/plasma', profile=False, quantization_config_path=None, reset_logging=False, scoring='bleu', seed=1, source_lang='source', srcdict='encoding/dict.txt', suppress_crashes=False, target_lang='target', task='translation', tensorboard_logdir=None, testpref=None, tgtdict='encoding/dict.txt', threshold_loss_scale=None, thresholdsrc=0, thresholdtgt=0, tokenizer=None, tpu=False, trainpref='../experiments/data/train.bpe', use_plasma_view=False, user_dir=None, validpref='../experiments/data/dev.bpe', wandb_project=None, workers=60)
[source] Dictionary: 50264 types
[source] ../experiments/data/train.bpe.source: 2000 sents, 403359 tokens, 0.0% replaced (by <unk>)
[source] Dictionary: 50264 types
[source] ../experiments/data/dev.bpe.source: 100 sents, 19210 tokens, 0.0% replaced (by <unk>)
[target] Dictionary: 50264 types
[target] ../experiments/data/train.bpe.target: 2000 sents, 60525 tokens, 0.0% replaced (by <unk>)
[target] Dictionary: 50264 types
[target] ../experiments/data/dev.bpe.target: 100 sents, 2672 tokens, 0.0% replaced (by <unk>)
Wrote preprocessed data to ../experiments/data/bin/
Namespace(aim_repo=None, aim_run_hash=None, align_suffix=None, alignfile=None, all_gather_list_size=16384, amp=False, amp_batch_retries=2, amp_init_scale=128, amp_scale_window=None, azureml_logging=False, bf16=False, bpe=None, cpu=False, criterion='cross_entropy', dataset_impl='mmap', destdir='../experiments/data/bin/', dict_only=False, empty_cache_freq=0, fp16=False, fp16_init_scale=128, fp16_no_flatten_grads=False, fp16_scale_tolerance=0.0, fp16_scale_window=None, joined_dictionary=False, log_file=None, log_format=None, log_interval=100, lr_scheduler='fixed', memory_efficient_bf16=False, memory_efficient_fp16=False, min_loss_scale=0.0001, model_parallel_size=1, no_progress_bar=False, nwordssrc=-1, nwordstgt=-1, on_cpu_convert_precision=False, only_source=False, optimizer=None, padding_factor=8, plasma_path='/tmp/plasma', profile=False, quantization_config_path=None, reset_logging=False, scoring='bleu', seed=1, source_lang='source', srcdict='encoding/dict.txt', suppress_crashes=False, target_lang='target', task='translation', tensorboard_logdir=None, testpref=None, tgtdict='encoding/dict.txt', threshold_loss_scale=None, thresholdsrc=0, thresholdtgt=0, tokenizer=None, tpu=False, trainpref='../experiments/data/train.bpe', use_plasma_view=False, user_dir=None, validpref='../experiments/data/dev.bpe', wandb_project=None, workers=60)
[source] Dictionary: 50264 types
[source] ../experiments/data/train.bpe.source: 2000 sents, 403359 tokens, 0.0% replaced (by <unk>)
[source] Dictionary: 50264 types
[source] ../experiments/data/dev.bpe.source: 100 sents, 19210 tokens, 0.0% replaced (by <unk>)
[target] Dictionary: 50264 types
[target] ../experiments/data/train.bpe.target: 2000 sents, 60525 tokens, 0.0% replaced (by <unk>)
[target] Dictionary: 50264 types
[target] ../experiments/data/dev.bpe.target: 100 sents, 2672 tokens, 0.0% replaced (by <unk>)
Wrote preprocessed data to ../experiments/data/bin/
Namespace(aim_repo=None, aim_run_hash=None, align_suffix=None, alignfile=None, all_gather_list_size=16384, amp=False, amp_batch_retries=2, amp_init_scale=128, amp_scale_window=None, azureml_logging=False, bf16=False, bpe=None, cpu=False, criterion='cross_entropy', dataset_impl='mmap', destdir='../experiments/data/bin/', dict_only=False, empty_cache_freq=0, fp16=False, fp16_init_scale=128, fp16_no_flatten_grads=False, fp16_scale_tolerance=0.0, fp16_scale_window=None, joined_dictionary=False, log_file=None, log_format=None, log_interval=100, lr_scheduler='fixed', memory_efficient_bf16=False, memory_efficient_fp16=False, min_loss_scale=0.0001, model_parallel_size=1, no_progress_bar=False, nwordssrc=-1, nwordstgt=-1, on_cpu_convert_precision=False, only_source=False, optimizer=None, padding_factor=8, plasma_path='/tmp/plasma', profile=False, quantization_config_path=None, reset_logging=False, scoring='bleu', seed=1, source_lang='source', srcdict='encoding/dict.txt', suppress_crashes=False, target_lang='target', task='translation', tensorboard_logdir=None, testpref=None, tgtdict='encoding/dict.txt', threshold_loss_scale=None, thresholdsrc=0, thresholdtgt=0, tokenizer=None, tpu=False, trainpref='../experiments/data/train.bpe', use_plasma_view=False, user_dir=None, validpref='../experiments/data/dev.bpe', wandb_project=None, workers=60)
[source] Dictionary: 50264 types
[source] ../experiments/data/train.bpe.source: 2000 sents, 403359 tokens, 0.0% replaced (by <unk>)
[source] Dictionary: 50264 types
[source] ../experiments/data/dev.bpe.source: 100 sents, 19210 tokens, 0.0% replaced (by <unk>)
[target] Dictionary: 50264 types
[target] ../experiments/data/train.bpe.target: 2000 sents, 60525 tokens, 0.0% replaced (by <unk>)
[target] Dictionary: 50264 types
[target] ../experiments/data/dev.bpe.target: 100 sents, 2672 tokens, 0.0% replaced (by <unk>)
Wrote preprocessed data to ../experiments/data/bin/
Namespace(aim_repo=None, aim_run_hash=None, align_suffix=None, alignfile=None, all_gather_list_size=16384, amp=False, amp_batch_retries=2, amp_init_scale=128, amp_scale_window=None, azureml_logging=False, bf16=False, bpe=None, cpu=False, criterion='cross_entropy', dataset_impl='mmap', destdir='../experiments/data/bin/', dict_only=False, empty_cache_freq=0, fp16=False, fp16_init_scale=128, fp16_no_flatten_grads=False, fp16_scale_tolerance=0.0, fp16_scale_window=None, joined_dictionary=False, log_file=None, log_format=None, log_interval=100, lr_scheduler='fixed', memory_efficient_bf16=False, memory_efficient_fp16=False, min_loss_scale=0.0001, model_parallel_size=1, no_progress_bar=False, nwordssrc=-1, nwordstgt=-1, on_cpu_convert_precision=False, only_source=False, optimizer=None, padding_factor=8, plasma_path='/tmp/plasma', profile=False, quantization_config_path=None, reset_logging=False, scoring='bleu', seed=1, source_lang='source', srcdict='encoding/dict.txt', suppress_crashes=False, target_lang='target', task='translation', tensorboard_logdir=None, testpref=None, tgtdict='encoding/dict.txt', threshold_loss_scale=None, thresholdsrc=0, thresholdtgt=0, tokenizer=None, tpu=False, trainpref='../experiments/data/train.bpe', use_plasma_view=False, user_dir=None, validpref='../experiments/data/dev.bpe', wandb_project=None, workers=60)
[source] Dictionary: 50264 types
[source] ../experiments/data/train.bpe.source: 2000 sents, 403359 tokens, 0.0% replaced (by <unk>)
[source] Dictionary: 50264 types
[source] ../experiments/data/dev.bpe.source: 100 sents, 19210 tokens, 0.0% replaced (by <unk>)
[target] Dictionary: 50264 types
[target] ../experiments/data/train.bpe.target: 2000 sents, 60525 tokens, 0.0% replaced (by <unk>)
[target] Dictionary: 50264 types
[target] ../experiments/data/dev.bpe.target: 100 sents, 2672 tokens, 0.0% replaced (by <unk>)
Wrote preprocessed data to ../experiments/data/bin/
Namespace(aim_repo=None, aim_run_hash=None, align_suffix=None, alignfile=None, all_gather_list_size=16384, amp=False, amp_batch_retries=2, amp_init_scale=128, amp_scale_window=None, azureml_logging=False, bf16=False, bpe=None, cpu=False, criterion='cross_entropy', dataset_impl='mmap', destdir='../experiments/data/bin/', dict_only=False, empty_cache_freq=0, fp16=False, fp16_init_scale=128, fp16_no_flatten_grads=False, fp16_scale_tolerance=0.0, fp16_scale_window=None, joined_dictionary=False, log_file=None, log_format=None, log_interval=100, lr_scheduler='fixed', memory_efficient_bf16=False, memory_efficient_fp16=False, min_loss_scale=0.0001, model_parallel_size=1, no_progress_bar=False, nwordssrc=-1, nwordstgt=-1, on_cpu_convert_precision=False, only_source=False, optimizer=None, padding_factor=8, plasma_path='/tmp/plasma', profile=False, quantization_config_path=None, reset_logging=False, scoring='bleu', seed=1, source_lang='source', srcdict='encoding/dict.txt', suppress_crashes=False, target_lang='target', task='translation', tensorboard_logdir=None, testpref=None, tgtdict='encoding/dict.txt', threshold_loss_scale=None, thresholdsrc=0, thresholdtgt=0, tokenizer=None, tpu=False, trainpref='../experiments/data/train.bpe', use_plasma_view=False, user_dir=None, validpref='../experiments/data/dev.bpe', wandb_project=None, workers=60)
[source] Dictionary: 50264 types
[source] ../experiments/data/train.bpe.source: 2000 sents, 403359 tokens, 0.0% replaced (by <unk>)
[source] Dictionary: 50264 types
[source] ../experiments/data/dev.bpe.source: 100 sents, 19210 tokens, 0.0% replaced (by <unk>)
[target] Dictionary: 50264 types
[target] ../experiments/data/train.bpe.target: 2000 sents, 60525 tokens, 0.0% replaced (by <unk>)
[target] Dictionary: 50264 types
[target] ../experiments/data/dev.bpe.target: 100 sents, 2672 tokens, 0.0% replaced (by <unk>)
Wrote preprocessed data to ../experiments/data/bin/
Namespace(aim_repo=None, aim_run_hash=None, align_suffix=None, alignfile=None, all_gather_list_size=16384, amp=False, amp_batch_retries=2, amp_init_scale=128, amp_scale_window=None, azureml_logging=False, bf16=False, bpe=None, cpu=False, criterion='cross_entropy', dataset_impl='mmap', destdir='../experiments/data/bin/', dict_only=False, empty_cache_freq=0, fp16=False, fp16_init_scale=128, fp16_no_flatten_grads=False, fp16_scale_tolerance=0.0, fp16_scale_window=None, joined_dictionary=False, log_file=None, log_format=None, log_interval=100, lr_scheduler='fixed', memory_efficient_bf16=False, memory_efficient_fp16=False, min_loss_scale=0.0001, model_parallel_size=1, no_progress_bar=False, nwordssrc=-1, nwordstgt=-1, on_cpu_convert_precision=False, only_source=False, optimizer=None, padding_factor=8, plasma_path='/tmp/plasma', profile=False, quantization_config_path=None, reset_logging=False, scoring='bleu', seed=1, source_lang='source', srcdict='encoding/dict.txt', suppress_crashes=False, target_lang='target', task='translation', tensorboard_logdir=None, testpref=None, tgtdict='encoding/dict.txt', threshold_loss_scale=None, thresholdsrc=0, thresholdtgt=0, tokenizer=None, tpu=False, trainpref='../experiments/data/train.bpe', use_plasma_view=False, user_dir=None, validpref='../experiments/data/dev.bpe', wandb_project=None, workers=60)
[source] Dictionary: 50264 types
[source] ../experiments/data/train.bpe.source: 4000 sents, 805600 tokens, 0.0% replaced (by <unk>)
[source] Dictionary: 50264 types
[source] ../experiments/data/dev.bpe.source: 400 sents, 79194 tokens, 0.0% replaced (by <unk>)
[target] Dictionary: 50264 types
[target] ../experiments/data/train.bpe.target: 4000 sents, 121154 tokens, 0.0% replaced (by <unk>)
[target] Dictionary: 50264 types
[target] ../experiments/data/dev.bpe.target: 400 sents, 11164 tokens, 0.0% replaced (by <unk>)
Wrote preprocessed data to ../experiments/data/bin/
Namespace(aim_repo=None, aim_run_hash=None, align_suffix=None, alignfile=None, all_gather_list_size=16384, amp=False, amp_batch_retries=2, amp_init_scale=128, amp_scale_window=None, azureml_logging=False, bf16=False, bpe=None, cpu=False, criterion='cross_entropy', dataset_impl='mmap', destdir='../experiments/data/bin/', dict_only=False, empty_cache_freq=0, fp16=False, fp16_init_scale=128, fp16_no_flatten_grads=False, fp16_scale_tolerance=0.0, fp16_scale_window=None, joined_dictionary=False, log_file=None, log_format=None, log_interval=100, lr_scheduler='fixed', memory_efficient_bf16=False, memory_efficient_fp16=False, min_loss_scale=0.0001, model_parallel_size=1, no_progress_bar=False, nwordssrc=-1, nwordstgt=-1, on_cpu_convert_precision=False, only_source=False, optimizer=None, padding_factor=8, plasma_path='/tmp/plasma', profile=False, quantization_config_path=None, reset_logging=False, scoring='bleu', seed=1, source_lang='source', srcdict='encoding/dict.txt', suppress_crashes=False, target_lang='target', task='translation', tensorboard_logdir=None, testpref=None, tgtdict='encoding/dict.txt', threshold_loss_scale=None, thresholdsrc=0, thresholdtgt=0, tokenizer=None, tpu=False, trainpref='../experiments/data/train.bpe', use_plasma_view=False, user_dir=None, validpref='../experiments/data/dev.bpe', wandb_project=None, workers=60)
[source] Dictionary: 50264 types
[source] ../experiments/data/train.bpe.source: 4000 sents, 805600 tokens, 0.0% replaced (by <unk>)
[source] Dictionary: 50264 types
[source] ../experiments/data/dev.bpe.source: 400 sents, 79194 tokens, 0.0% replaced (by <unk>)
[target] Dictionary: 50264 types
[target] ../experiments/data/train.bpe.target: 4000 sents, 121154 tokens, 0.0% replaced (by <unk>)
[target] Dictionary: 50264 types
[target] ../experiments/data/dev.bpe.target: 400 sents, 11164 tokens, 0.0% replaced (by <unk>)
Wrote preprocessed data to ../experiments/data/bin/
Namespace(aim_repo=None, aim_run_hash=None, align_suffix=None, alignfile=None, all_gather_list_size=16384, amp=False, amp_batch_retries=2, amp_init_scale=128, amp_scale_window=None, azureml_logging=False, bf16=False, bpe=None, cpu=False, criterion='cross_entropy', dataset_impl='mmap', destdir='../experiments/data/bin/', dict_only=False, empty_cache_freq=0, fp16=False, fp16_init_scale=128, fp16_no_flatten_grads=False, fp16_scale_tolerance=0.0, fp16_scale_window=None, joined_dictionary=False, log_file=None, log_format=None, log_interval=100, lr_scheduler='fixed', memory_efficient_bf16=False, memory_efficient_fp16=False, min_loss_scale=0.0001, model_parallel_size=1, no_progress_bar=False, nwordssrc=-1, nwordstgt=-1, on_cpu_convert_precision=False, only_source=False, optimizer=None, padding_factor=8, plasma_path='/tmp/plasma', profile=False, quantization_config_path=None, reset_logging=False, scoring='bleu', seed=1, source_lang='source', srcdict='encoding/dict.txt', suppress_crashes=False, target_lang='target', task='translation', tensorboard_logdir=None, testpref=None, tgtdict='encoding/dict.txt', threshold_loss_scale=None, thresholdsrc=0, thresholdtgt=0, tokenizer=None, tpu=False, trainpref='../experiments/data/train.bpe', use_plasma_view=False, user_dir=None, validpref='../experiments/data/dev.bpe', wandb_project=None, workers=60)
[source] Dictionary: 50264 types
[source] ../experiments/data/train.bpe.source: 4000 sents, 805600 tokens, 0.0% replaced (by <unk>)
[source] Dictionary: 50264 types
[source] ../experiments/data/dev.bpe.source: 400 sents, 79194 tokens, 0.0% replaced (by <unk>)
[target] Dictionary: 50264 types
[target] ../experiments/data/train.bpe.target: 4000 sents, 121154 tokens, 0.0% replaced (by <unk>)
[target] Dictionary: 50264 types
[target] ../experiments/data/dev.bpe.target: 400 sents, 11164 tokens, 0.0% replaced (by <unk>)
Wrote preprocessed data to ../experiments/data/bin/
